<?xml version="1.0" encoding="UTF-8"?>
<testsuite name="Chrome_100648204_Windows.common" errors="0" failures="0" tests="7" time="0.0">
<testcase classname="Chrome_100648204_Windows.common" name="test the global variable serverUrl must be defined and be a string" time="0.0"/>
<testcase classname="Chrome_100648204_Windows.common" name="test the global variable bookmarksEnabled must be defined and be a boolean" time="0.0"/>
<testcase classname="Chrome_100648204_Windows.common" name="test if bookmarksEnabled is true, then the global variable bookmarksUrl must be defined and be a string" time="0.0"/>
<testcase classname="Chrome_100648204_Windows.common" name="test the global variable debug must be defined and be a boolean" time="0.0"/>
<testcase classname="Chrome_100648204_Windows.common" name="test the global variable log4javascript_disabled must be defined and be a boolean" time="0.0"/>
<testcase classname="Chrome_100648204_Windows.common" name="test if log4javascript_disabled is false, then the global variable logging_client_level must be defined and be one of the valid strings" time="0.0"/>
<testcase classname="Chrome_100648204_Windows.common" name="test if log4javascript_disabled is false, then the global variable logging_server_level must be defined and be one of the valid strings" time="0.0"/>
</testsuite>
