<?xml version="1.0" encoding="UTF-8"?>
<testsuite name="Safari_6533185_Mac_OS.NLBServer_params" errors="0" failures="0" tests="1" time="0.0">
<testcase classname="Safari_6533185_Mac_OS.NLBServer_params" name="test this.server with empty base url, two parameters and no argument url" time="0.0"/>
</testsuite>
