<?xml version="1.0" encoding="UTF-8"?>
<testsuite name="Safari_5331_Linux.NLBServer_url" errors="0" failures="0" tests="3" time="0.0050000004">
<testcase classname="Safari_5331_Linux.NLBServer_url" name="test this.server with base url, empty argument url and no parameters" time="0.0"/>
<testcase classname="Safari_5331_Linux.NLBServer_url" name="test this.server with base url, argument url and no parameters" time="0.0010"/>
<testcase classname="Safari_5331_Linux.NLBServer_url" name="test base url and no parameters" time="0.0040"/>
</testsuite>
