<?xml version="1.0" encoding="UTF-8"?>
<testsuite name="Chrome_100648204_Windows.SmilPlayerTest" errors="0" failures="1" tests="1" time="0.022">
<testcase classname="Chrome_100648204_Windows.SmilPlayerTest" name="testSmilPlayer" time="0.022">
<failure type="failed" message="[{&quot;message&quot;:&quot;expected 5 but was 5.25&quot;,&quot;name&quot;:&quot;AssertError&quot;,&quot;stack&quot;:&quot;AssertError: expected 5 but was 5.25\n    at fail (http://localhost:4224/static/runner.js:356:2295)\n    at assertEquals (http://localhost:4224/static/runner.js:356:4003)\n    at [object Object].&lt;anonymous&gt; (http://localhost:4224/test/test/SmilPlayer_test.js:193:3)\n    at [object Object].execute_ (http://localhost:4224/static/runner.js:1027:17)\n    at [object Object].startStep (http://localhost:4224/static/runner.js:1049:10)\n    at [object Object].finishStep_ (http://localhost:4224/static/runner.js:1063:10)\n    at [object Object].onQueueComplete_ (http://localhost:4224/static/runner.js:1050:9)\n    at [object Object].startStep (http://localhost:4224/static/runner.js:1053:10)\n    at [object Object].finishStep_ (http://localhost:4224/static/runner.js:1063:10)\n    at [object Object].onPoolComplete_ (http://localhost:4224/static/runner.js:1020:11)&quot;}]">AssertError: expected 5 but was 5.25&#13;
&#13;
AssertError: expected 5 but was 5.25&#13;
    at [object Object].&lt;anonymous&gt; (http://localhost:4224/test/test/SmilPlayer_test.js:193:3)&#13;
</failure>
</testcase>
</testsuite>
