<?xml version="1.0" encoding="UTF-8"?>
<testsuite name="Chrome_11069665_Windows.Bookmarks" errors="0" failures="0" tests="1" time="0.0010">
<testcase classname="Chrome_11069665_Windows.Bookmarks" name="test nothing" time="0.0010"/>
</testsuite>
