<?xml version="1.0" encoding="UTF-8"?>
<testsuite name="Chrome_100648151_Windows.Daisy202Test" errors="0" failures="0" tests="1" time="13.014">
<testcase classname="Chrome_100648151_Windows.Daisy202Test" name="testDaisy202" time="13.014"/>
</testsuite>
