<?xml version="1.0" encoding="UTF-8"?>
<testsuite name="Microsoft_Internet_Explorer_90_Windows.SoundManagerTest" errors="0" failures="0" tests="1" time="14.312">
<testcase classname="Microsoft_Internet_Explorer_90_Windows.SoundManagerTest" name="testSoundManager" time="14.312"/>
<system-out><![CDATA[[LOG] ----
[LOG] initialize soundmanager]]></system-out>
</testsuite>
