<?xml version="1.0" encoding="UTF-8"?>
<testsuite name="Chrome_100648204_Windows.SmilPlayerTest" errors="0" failures="0" tests="1" time="2.418">
<testcase classname="Chrome_100648204_Windows.SmilPlayerTest" name="testSmilPlayer" time="2.418"/>
<system-out><![CDATA[[LOG] initialize soundmanager
[LOG] soundManager: (Flash): SM2 SWF V2.97a.20110306 (AS2/Flash 8)
[LOG] soundManager: (Flash): JS to/from Flash OK
[LOG] soundManager: (Flash): Enabling polling, 50 ms interval
[LOG] test Date.now
[LOG] test getSmilElements(ms)
[LOG] test getTotalTime
[LOG] test getAudioBackend
[LOG] test getCurrentTime and skipToTime
[LOG] test skipToId(id)
[LOG] test skipToPage(page)
[LOG] test play
[LOG] test pause
[LOG] test stop
[LOG] test setVolume
[LOG] test getPage
[LOG] test isPlaying
[LOG] test getHighlightedTextElement]]></system-out>
</testsuite>
